  DirectXCommon.cpp
  DxCommand.cpp
  DxCore.cpp
  DxDevice.cpp
  DxFence.cpp
  DxSwapChain.cpp
  RenderTarget.cpp
  EngineController.cpp
  Input.cpp
  LeakChecker.cpp
  System.cpp
  WinApp.cpp
  FogEffect.cpp
  GraphicsGroup.cpp
  PipelineState.cpp
  PipelineStateManager.cpp
  PipelineStateObject.cpp
  RootSignatureManager.cpp
  ShaderManager.cpp
  ShaderCompiler.cpp
  SrvLocator.cpp
  ViewProjection.cpp
  GameObject.cpp
  Model.cpp
  ModelBuilder.cpp
  ModelManager.cpp
  ObjectBuilder.cpp
  Particle.cpp
  Sprite.cpp
  Texture.cpp
  TextureManager.cpp
  AABB.cpp
  DirectionalLight.cpp
  PointLight.cpp
  Sphere.cpp
  Triangle.cpp
  GameScene.cpp
  IScene.cpp
  TestScene.cpp
  GlobalVariables.cpp
  imgui.cpp
  imgui_demo.cpp
  imgui_draw.cpp
  imgui_impl_dx12.cpp
  imgui_impl_win32.cpp
  imgui_tables.cpp
  imgui_widgets.cpp
  RailEditor.cpp
  ImGuiManager.cpp
  ConvertString.cpp
  DxFunc.cpp
  LocalFunc.cpp
  MathFunc.cpp
  MyFunc.cpp
  PrimitiveDrawer.cpp
  Matrix4x4.cpp
  Vector3.cpp
  main.cpp
LINK : fatal error LNK1104: ファイル 'assimp-vc143-mtd.lib' を開くことができません。
