  DirectXCommon.cpp
  DxCommand.cpp
  DxCore.cpp
  DxDevice.cpp
  DxFence.cpp
  DxSwapChain.cpp
  RenderTarget.cpp
  EngineController.cpp
  Input.cpp
  LeakChecker.cpp
  System.cpp
  WinApp.cpp
  FogEffect.cpp
  GraphicsGroup.cpp
  PipelineState.cpp
  PipelineStateManager.cpp
  PipelineStateObject.cpp
  RootSignatureManager.cpp
  ShaderManager.cpp
  SrvLocator.cpp
  ViewProjection.cpp
  ShaderCompiler.cpp
  GameObject.cpp
  Model.cpp
  ModelBuilder.cpp
  ModelManager.cpp
  ObjectBuilder.cpp
  Particle.cpp
  Sprite.cpp
  Texture.cpp
  TextureManager.cpp
  AABB.cpp
  DirectionalLight.cpp
  PointLight.cpp
  Sphere.cpp
  Triangle.cpp
  GameScene.cpp
  IScene.cpp
  TestScene.cpp
  CollisionManager.cpp
  RailCamera.cpp
  RailEditor.cpp
  Bullet.cpp
  Character.cpp
  Collider.cpp
  Enemy.cpp
  Player.cpp
  SphereCollider.cpp
  GlobalVariables.cpp
  ImGuiManager.cpp
  ConvertString.cpp
  DxFunc.cpp
  LocalFunc.cpp
  MathFunc.cpp
  MyFunc.cpp
  PrimitiveDrawer.cpp
  Matrix4x4.cpp
  Vector3.cpp
  main.cpp
  CG2.vcxproj -> C:\プログラミング\CG2\CG2\x64\Debug\CG2.exe
          1 個のファイルをコピーしました。
          1 個のファイルをコピーしました。
