c:\プログラミング\cg2\cg2\cg2\x64\debug\winapp.obj
c:\プログラミング\cg2\cg2\cg2\x64\debug\srvlocator.obj
c:\プログラミング\cg2\cg2\cg2\x64\debug\aabb.obj
c:\プログラミング\cg2\cg2\cg2\x64\debug\globalvariables.obj
c:\プログラミング\cg2\cg2\cg2\x64\debug\dxswapchain.obj
c:\プログラミング\cg2\cg2\cg2\x64\debug\shadercompiler.obj
c:\プログラミング\cg2\cg2\cg2\x64\debug\sphere.obj
c:\プログラミング\cg2\cg2\cg2\x64\debug\graphicsgroup.obj
c:\プログラミング\cg2\cg2\cg2\x64\debug\objectbuilder.obj
c:\プログラミング\cg2\cg2\cg2\x64\debug\imgui_demo.obj
c:\プログラミング\cg2\cg2\cg2\x64\debug\imguimanager.obj
c:\プログラミング\cg2\cg2\cg2\x64\debug\dxdevice.obj
c:\プログラミング\cg2\cg2\cg2\x64\debug\directionallight.obj
c:\プログラミング\cg2\cg2\cg2\x64\debug\primitivedrawer.obj
c:\プログラミング\cg2\cg2\cg2\x64\debug\dxfence.obj
c:\プログラミング\cg2\cg2\cg2\x64\debug\pipelinestateobject.obj
c:\プログラミング\cg2\cg2\cg2\x64\debug\gamescene.obj
c:\プログラミング\cg2\cg2\cg2\x64\debug\system.obj
c:\プログラミング\cg2\cg2\cg2\x64\debug\texture.obj
c:\プログラミング\cg2\cg2\cg2\x64\debug\imgui_impl_dx12.obj
c:\プログラミング\cg2\cg2\cg2\x64\debug\directxcommon.obj
c:\プログラミング\cg2\cg2\cg2\x64\debug\iscene.obj
c:\プログラミング\cg2\cg2\cg2\x64\debug\testscene.obj
c:\プログラミング\cg2\cg2\cg2\x64\debug\rendertarget.obj
c:\プログラミング\cg2\cg2\cg2\x64\debug\viewprojection.obj
c:\プログラミング\cg2\cg2\cg2\x64\debug\imgui_impl_win32.obj
c:\プログラミング\cg2\cg2\cg2\x64\debug\localfunc.obj
c:\プログラミング\cg2\cg2\cg2\x64\debug\mathfunc.obj
c:\プログラミング\cg2\cg2\cg2\x64\debug\input.obj
c:\プログラミング\cg2\cg2\cg2\x64\debug\sprite.obj
c:\プログラミング\cg2\cg2\cg2\x64\debug\main.obj
c:\プログラミング\cg2\cg2\cg2\x64\debug\enginecontroller.obj
c:\プログラミング\cg2\cg2\cg2\x64\debug\triangle.obj
c:\プログラミング\cg2\cg2\cg2\x64\debug\pipelinestatemanager.obj
c:\プログラミング\cg2\cg2\cg2\x64\debug\modelbuilder.obj
c:\プログラミング\cg2\cg2\cg2\x64\debug\imgui_tables.obj
c:\プログラミング\cg2\cg2\cg2\x64\debug\dxfunc.obj
c:\プログラミング\cg2\cg2\cg2\x64\debug\pipelinestate.obj
c:\プログラミング\cg2\cg2\cg2\x64\debug\model.obj
c:\プログラミング\cg2\cg2\cg2\x64\debug\imgui_widgets.obj
c:\プログラミング\cg2\cg2\cg2\x64\debug\vector3.obj
c:\プログラミング\cg2\cg2\cg2\x64\debug\dxcommand.obj
c:\プログラミング\cg2\cg2\cg2\x64\debug\shadermanager.obj
c:\プログラミング\cg2\cg2\cg2\x64\debug\pointlight.obj
c:\プログラミング\cg2\cg2\cg2\x64\debug\dxcore.obj
c:\プログラミング\cg2\cg2\cg2\x64\debug\gameobject.obj
c:\プログラミング\cg2\cg2\cg2\x64\debug\imgui.obj
c:\プログラミング\cg2\cg2\cg2\x64\debug\myfunc.obj
c:\プログラミング\cg2\cg2\cg2\x64\debug\leakchecker.obj
c:\プログラミング\cg2\cg2\cg2\x64\debug\rootsignaturemanager.obj
c:\プログラミング\cg2\cg2\cg2\x64\debug\texturemanager.obj
c:\プログラミング\cg2\cg2\cg2\x64\debug\imgui_draw.obj
c:\プログラミング\cg2\cg2\cg2\x64\debug\convertstring.obj
c:\プログラミング\cg2\cg2\cg2\x64\debug\fogeffect.obj
c:\プログラミング\cg2\cg2\cg2\x64\debug\particle.obj
c:\プログラミング\cg2\cg2\cg2\x64\debug\matrix4x4.obj
c:\プログラミング\cg2\cg2\cg2\x64\debug\vc143.idb
c:\プログラミング\cg2\cg2\cg2\x64\debug\vc143.pdb
c:\プログラミング\cg2\cg2\cg2\x64\debug\cg2.tlog\cl.1112.write.1.tlog
c:\プログラミング\cg2\cg2\cg2\x64\debug\cg2.tlog\cl.command.1.tlog
c:\プログラミング\cg2\cg2\cg2\x64\debug\cg2.tlog\cl.read.1.tlog
