  DxCommand.cpp
  DxCore.cpp
  DxDevice.cpp
  DxFence.cpp
  DxSwapChain.cpp
  RenderTarget.cpp
  EngineController.cpp
  Input.cpp
  LeakChecker.cpp
  System.cpp
  WinApp.cpp
  UiEditor.cpp
  FogEffect.cpp
  GraphicsGroup.cpp
  PipelineState.cpp
  PipelineStateManager.cpp
  PipelineStateObject.cpp
  RootSignatureManager.cpp
  ShaderManager.cpp
  ShaderCompiler.cpp
  SrvLocator.cpp
  ViewProjection.cpp
  GameObject.cpp
  Model.cpp
  ModelBuilder.cpp
  ModelManager.cpp
  Particle.cpp
  Sprite.cpp
  Texture.cpp
  TextureManager.cpp
  AABB.cpp
  DirectionalLight.cpp
  PointLight.cpp
  Sphere.cpp
  Triangle.cpp
  GameScene.cpp
  IScene.cpp
  TestScene.cpp
  GlobalVariables.cpp
  imgui.cpp
  imgui_demo.cpp
  imgui_draw.cpp
  imgui_impl_dx12.cpp
  imgui_impl_win32.cpp
  imgui_tables.cpp
  imgui_widgets.cpp
  ImGuiManager.cpp
  ConvertString.cpp
  DxFunc.cpp
  MathFunc.cpp
  MyFunc.cpp
  PrimitiveDrawer.cpp
  Matrix4x4.cpp
  Vector3.cpp
  main.cpp
  コード生成しています。
  5693 of 5721 functions (99.5%) were compiled, the rest were copied from previous compilation.
    46 functions were new in current compilation
    2 functions had inline decision re-evaluated but remain unchanged
  コード生成が終了しました。
  CG2.vcxproj -> C:\プログラミング\CG2\engine\x64\Release\MyEngine.exe
          1 個のファイルをコピーしました。
          1 個のファイルをコピーしました。
